
SQL*Loader: Release 12.1.0.2.0 - Production on Sun Apr 16 21:32:28 2017

Copyright (c) 1982, 2014, Oracle and/or its affiliates.  All rights reserved.

Control File:   ./load_customer_stg.ctl
Data File:      ../../source_data/customer2.csv
  Bad File:     ./customer2.bad
  Discard File:  none specified
 
 (Allow all discards)

Number to load: ALL
Number to skip: 1
Errors allowed: 50
Bind array:     64 rows, maximum of 256000 bytes
Continuation:    none specified
Path used:      Conventional

Table CUSTOMER_STG, loaded from every logical record.
Insert option in effect for this table: APPEND

   Column Name                  Position   Len  Term Encl Datatype
------------------------------ ---------- ----- ---- ---- ---------------------
CUSTOMER_NUMBER                     FIRST     *   ,       CHARACTER            
CUSTOMER_NAME                        NEXT     *   ,       CHARACTER            
CUSTOMER_STREET_ADDRESS              NEXT     *   ,       CHARACTER            
CUSTOMER_ZIP_CODE                    NEXT     *   ,       CHARACTER            
CUSTOMER_CITY                        NEXT     *   ,       CHARACTER            
CUSTOMER_STATE                       NEXT     *   ,       CHARACTER            


Table CUSTOMER_STG:
  7 Rows successfully loaded.
  0 Rows not loaded due to data errors.
  0 Rows not loaded because all WHEN clauses were failed.
  0 Rows not loaded because all fields were null.


Space allocated for bind array:                  99072 bytes(64 rows)
Read   buffer bytes: 1048576

Total logical records skipped:          1
Total logical records read:             7
Total logical records rejected:         0
Total logical records discarded:        0

Run began on Sun Apr 16 21:32:28 2017
Run ended on Sun Apr 16 21:32:31 2017

Elapsed time was:     00:00:02.96
CPU time was:         00:00:00.03
